================================================================================
OPENBANDLAB BLE CAPTURE SESSION
================================================================================
DEVICE : 44:27:F3:21:47:BC
LOGFILE: captures\session_20260606_180058.log

CONNECTED

[OK] SUBSCRIBED 00000051-0000-1000-8000-00805f9b34fb
[OK] SUBSCRIBED 00000052-0000-1000-8000-00805f9b34fb
[OK] SUBSCRIBED 00000053-0000-1000-8000-00805f9b34fb
[OK] SUBSCRIBED 00000054-0000-1000-8000-00805f9b34fb
[OK] SUBSCRIBED 00000055-0000-1000-8000-00805f9b34fb
[OK] SUBSCRIBED 00000056-0000-1000-8000-00805f9b34fb
[OK] SUBSCRIBED 00000057-0000-1000-8000-00805f9b34fb
[OK] SUBSCRIBED 00000058-0000-1000-8000-00805f9b34fb
[OK] SUBSCRIBED 00000059-0000-1000-8000-00805f9b34fb

CAPTURING...
Press Ctrl+C to stop.

[18:02:47.137] UUID=00000051-0000-1000-8000-00805f9b34fb LEN=14 HEX=000002017148c33d11fe798e2a74
[18:03:06.666] UUID=00000051-0000-1000-8000-00805f9b34fb LEN=14 HEX=000002017148c33d11fe798e2a74
[18:03:26.197] UUID=00000051-0000-1000-8000-00805f9b34fb LEN=14 HEX=000002017148c33d11fe798e2a74
[18:03:53.015] UUID=00000051-0000-1000-8000-00805f9b34fb LEN=21 HEX=00000201714ac32021f9363444b9b73a42caf99ebf
[18:04:03.996] UUID=00000051-0000-1000-8000-00805f9b34fb LEN=21 HEX=00000201714ac32021f9363444b9b73a42caf99ebf
